Build started 20/04/2015 7:16:01 PM.
     1>Project "C:\Users\Pc\Dropbox\DSP\Projects\12BitIO\12BitIO\12BitIO.vcxproj" on node 2 (build target(s)).
     1>InitializeBuildStatus:
         Creating "Debug\12BitIO.unsuccessfulbuild" because "AlwaysCreate" was specified.
       ClCompile:
         D:\VS\VC\bin\CL.exe /c /ZI /nologo /W3 /WX- /Od /Oy- /D WIN32 /D _DEBUG /D _CONSOLE /D _UNICODE /D UNICODE /Gm /EHsc /RTC1 /MDd /GS /fp:precise /Zc:wchar_t /Zc:forScope /Fo"Debug\\" /Fd"Debug\vc100.pdb" /Gd /TP /analyze- /errorReport:prompt IFStream12Bits.cpp
         IFStream12Bits.cpp
     1>c:\users\pc\dropbox\dsp\projects\12bitio\12bitio\ifstream12bits.cpp(103): warning C4172: returning address of local variable or temporary
       ManifestResourceCompile:
         All outputs are up-to-date.
       Link:
         D:\VS\VC\bin\link.exe /ERRORREPORT:PROMPT /OUT:"C:\Users\Pc\Dropbox\DSP\Projects\12BitIO\Debug\12BitIO.exe" /INCREMENTAL /NOLOGO kernel32.lib user32.lib gdi32.lib winspool.lib comdlg32.lib advapi32.lib shell32.lib ole32.lib oleaut32.lib uuid.lib odbc32.lib odbccp32.lib /MANIFEST /ManifestFile:"Debug\12BitIO.exe.intermediate.manifest" /MANIFESTUAC:"level='asInvoker' uiAccess='false'" /DEBUG /PDB:"C:\Users\Pc\Dropbox\DSP\Projects\12BitIO\Debug\12BitIO.pdb" /SUBSYSTEM:CONSOLE /TLBID:1 /DYNAMICBASE /NXCOMPAT /IMPLIB:"C:\Users\Pc\Dropbox\DSP\Projects\12BitIO\Debug\12BitIO.lib" /MACHINE:X86 Debug\12BitIO.exe.embed.manifest.res
         Debug\IFStream12Bits.obj
         Debug\main.obj
         Debug\OFStream12Bits.obj
       Manifest:
         C:\Program Files (x86)\Microsoft SDKs\Windows\v7.0A\bin\mt.exe /nologo /verbose /out:"Debug\12BitIO.exe.embed.manifest" /manifest Debug\12BitIO.exe.intermediate.manifest
         All outputs are up-to-date.
       LinkEmbedManifest:
         All outputs are up-to-date.
         12BitIO.vcxproj -> C:\Users\Pc\Dropbox\DSP\Projects\12BitIO\Debug\12BitIO.exe
       FinalizeBuildStatus:
         Deleting file "Debug\12BitIO.unsuccessfulbuild".
         Touching "Debug\12BitIO.lastbuildstate".
     1>Done Building Project "C:\Users\Pc\Dropbox\DSP\Projects\12BitIO\12BitIO\12BitIO.vcxproj" (build target(s)).

Build succeeded.

Time Elapsed 00:00:00.92
