Build started 17/04/2015 1:33:57 PM.
     1>Project "C:\Users\Acer\Dropbox\DSP\Fibonacci\Fibonacci\Fibonacci.vcxproj" on node 2 (build target(s)).
     1>InitializeBuildStatus:
         Creating "Debug\Fibonacci.unsuccessfulbuild" because "AlwaysCreate" was specified.
       ClCompile:
         C:\Program Files (x86)\Microsoft Visual Studio 10.0\VC\bin\CL.exe /c /ZI /nologo /W3 /WX- /Od /Oy- /D WIN32 /D _DEBUG /D _CONSOLE /D _UNICODE /D UNICODE /Gm /EHsc /RTC1 /MDd /GS /fp:precise /Zc:wchar_t /Zc:forScope /Fo"Debug\\" /Fd"Debug\vc100.pdb" /Gd /TP /analyze- /errorReport:prompt FibonacciIterator.cpp
         FibonacciIterator.cpp
       ManifestResourceCompile:
         All outputs are up-to-date.
       Link:
         C:\Program Files (x86)\Microsoft Visual Studio 10.0\VC\bin\link.exe /ERRORREPORT:PROMPT /OUT:"C:\Users\Acer\Dropbox\DSP\Fibonacci\Debug\Fibonacci.exe" /INCREMENTAL /NOLOGO kernel32.lib user32.lib gdi32.lib winspool.lib comdlg32.lib advapi32.lib shell32.lib ole32.lib oleaut32.lib uuid.lib odbc32.lib odbccp32.lib /MANIFEST /ManifestFile:"Debug\Fibonacci.exe.intermediate.manifest" /MANIFESTUAC:"level='asInvoker' uiAccess='false'" /DEBUG /PDB:"C:\Users\Acer\Dropbox\DSP\Fibonacci\Debug\Fibonacci.pdb" /SUBSYSTEM:CONSOLE /TLBID:1 /DYNAMICBASE /NXCOMPAT /IMPLIB:"C:\Users\Acer\Dropbox\DSP\Fibonacci\Debug\Fibonacci.lib" /MACHINE:X86 Debug\Fibonacci.exe.embed.manifest.res
         Debug\FibonacciIterator.obj
         Debug\Main.obj
       Manifest:
         C:\Program Files (x86)\Microsoft SDKs\Windows\v7.0A\bin\mt.exe /nologo /verbose /out:"Debug\Fibonacci.exe.embed.manifest" /manifest Debug\Fibonacci.exe.intermediate.manifest
         All outputs are up-to-date.
       LinkEmbedManifest:
         All outputs are up-to-date.
         Fibonacci.vcxproj -> C:\Users\Acer\Dropbox\DSP\Fibonacci\Debug\Fibonacci.exe
       FinalizeBuildStatus:
         Deleting file "Debug\Fibonacci.unsuccessfulbuild".
         Touching "Debug\Fibonacci.lastbuildstate".
     1>Done Building Project "C:\Users\Acer\Dropbox\DSP\Fibonacci\Fibonacci\Fibonacci.vcxproj" (build target(s)).

Build succeeded.

Time Elapsed 00:00:00.49
