Build started 12/05/2015 12:48:42 PM.
     1>Project "C:\Users\Pc\Dropbox\DSP\Projects\LinkedList\LinkedList\LinkedList.vcxproj" on node 2 (build target(s)).
     1>InitializeBuildStatus:
         Creating "Debug\LinkedList.unsuccessfulbuild" because "AlwaysCreate" was specified.
       ClCompile:
         D:\VS\VC\bin\CL.exe /c /ZI /nologo /W3 /WX- /Od /Oy- /D WIN32 /D _DEBUG /D _CONSOLE /D _UNICODE /D UNICODE /Gm /EHsc /RTC1 /MDd /GS /fp:precise /Zc:wchar_t /Zc:forScope /Fo"Debug\\" /Fd"Debug\vc100.pdb" /Gd /TP /analyze- /errorReport:prompt DynamicStack.cpp main.cpp
         main.cpp
         Generating Code...
         Skipping... (no relevant changes detected)
         DynamicStack.cpp
       ManifestResourceCompile:
         All outputs are up-to-date.
       Link:
         D:\VS\VC\bin\link.exe /ERRORREPORT:PROMPT /OUT:"C:\Users\Pc\Dropbox\DSP\Projects\LinkedList\Debug\LinkedList.exe" /INCREMENTAL /NOLOGO kernel32.lib user32.lib gdi32.lib winspool.lib comdlg32.lib advapi32.lib shell32.lib ole32.lib oleaut32.lib uuid.lib odbc32.lib odbccp32.lib /MANIFEST /ManifestFile:"Debug\LinkedList.exe.intermediate.manifest" /MANIFESTUAC:"level='asInvoker' uiAccess='false'" /DEBUG /PDB:"C:\Users\Pc\Dropbox\DSP\Projects\LinkedList\Debug\LinkedList.pdb" /SUBSYSTEM:CONSOLE /TLBID:1 /DYNAMICBASE /NXCOMPAT /IMPLIB:"C:\Users\Pc\Dropbox\DSP\Projects\LinkedList\Debug\LinkedList.lib" /MACHINE:X86 Debug\LinkedList.exe.embed.manifest.res
         Debug\DoubleLinkedNode.obj
         Debug\DoublyLinkedNodeIterator.obj
         Debug\DynamicQIterator.obj
         Debug\DynamicQueue.obj
         Debug\DynamicStack.obj
         Debug\DynamicStackIterator.obj
         Debug\ListNode.obj
         Debug\ListNodeIterator.obj
         Debug\ListPS6.obj
         Debug\main.obj
       Manifest:
         C:\Program Files (x86)\Microsoft SDKs\Windows\v7.0A\bin\mt.exe /nologo /verbose /out:"Debug\LinkedList.exe.embed.manifest" /manifest Debug\LinkedList.exe.intermediate.manifest
         All outputs are up-to-date.
       LinkEmbedManifest:
         All outputs are up-to-date.
         LinkedList.vcxproj -> C:\Users\Pc\Dropbox\DSP\Projects\LinkedList\Debug\LinkedList.exe
       FinalizeBuildStatus:
         Deleting file "Debug\LinkedList.unsuccessfulbuild".
         Touching "Debug\LinkedList.lastbuildstate".
     1>Done Building Project "C:\Users\Pc\Dropbox\DSP\Projects\LinkedList\LinkedList\LinkedList.vcxproj" (build target(s)).

Build succeeded.

Time Elapsed 00:00:02.35
